#
# There is insufficient memory for the Java Runtime Environment to continue.
# Native memory allocation (malloc) failed to allocate 1855584 bytes for Chunk::new
# Possible reasons:
#   The system is out of physical RAM or swap space
#   The process is running with CompressedOops enabled, and the Java Heap may be blocking the growth of the native heap
# Possible solutions:
#   Reduce memory load on the system
#   Increase physical memory or swap space
#   Check if swap backing store is full
#   Decrease Java heap size (-Xmx/-Xms)
#   Decrease number of Java threads
#   Decrease Java thread stack sizes (-Xss)
#   Set larger code cache with -XX:ReservedCodeCacheSize=
#   JVM is running with Unscaled Compressed Oops mode in which the Java heap is
#     placed in the first 4GB address space. The Java Heap base address is the
#     maximum limit for the native heap growth. Please use -XX:HeapBaseMinAddress
#     to set the Java Heap base and to place the Java Heap above 4GB virtual address.
# This output file may be truncated or incomplete.
#
#  Out of Memory Error (arena.cpp:191), pid=18768, tid=19632
#
# JRE version: OpenJDK Runtime Environment Corretto-17.0.10.7.1 (17.0.10+7) (build 17.0.10+7-LTS)
# Java VM: OpenJDK 64-Bit Server VM Corretto-17.0.10.7.1 (17.0.10+7-LTS, mixed mode, sharing, tiered, compressed oops, compressed class ptrs, g1 gc, windows-amd64)
# No core dump will be written. Minidumps are not enabled by default on client versions of Windows
#

---------------  S U M M A R Y ------------

Command Line: --add-opens=java.base/java.util=ALL-UNNAMED --add-opens=java.base/java.lang=ALL-UNNAMED --add-opens=java.base/java.lang.invoke=ALL-UNNAMED --add-opens=java.prefs/java.util.prefs=ALL-UNNAMED --add-opens=java.base/java.nio.charset=ALL-UNNAMED --add-opens=java.base/java.net=ALL-UNNAMED --add-opens=java.base/java.util.concurrent.atomic=ALL-UNNAMED -XX:MaxMetaspaceSize=256m -XX:+HeapDumpOnOutOfMemoryError -Xms256m -Xmx512m -Dfile.encoding=windows-1252 -Duser.country=US -Duser.language=en -Duser.variant org.gradle.launcher.daemon.bootstrap.GradleDaemon 8.0

Host: AMD Ryzen 5 PRO 2400GE w/ Radeon Vega Graphics , 8 cores, 6G,  Windows 10 , 64 bit Build 19041 (10.0.19041.3636)
Time: Mon Apr  1 18:07:56 2024 Central Daylight Time elapsed time: 67.520817 seconds (0d 0h 1m 7s)

---------------  T H R E A D  ---------------

Current thread (0x00000209b33e3280):  JavaThread "C2 CompilerThread0" daemon [_thread_in_native, id=19632, stack(0x00000081b1f00000,0x00000081b2000000)]


Current CompileTask:
C2:  67520 2318   !   4       java.lang.ClassLoader::loadClass (121 bytes)

Stack: [0x00000081b1f00000,0x00000081b2000000]
Native frames: (J=compiled Java code, j=interpreted, Vv=VM code, C=native code)
V  [jvm.dll+0x67d2c9]
V  [jvm.dll+0x834b1a]
V  [jvm.dll+0x8365de]
V  [jvm.dll+0x836c43]
V  [jvm.dll+0x2477ff]
V  [jvm.dll+0xac514]
V  [jvm.dll+0xacb5c]
V  [jvm.dll+0x3667d7]
V  [jvm.dll+0x1bcd86]
V  [jvm.dll+0x21a049]
V  [jvm.dll+0x219311]
V  [jvm.dll+0x1a502d]
V  [jvm.dll+0x2290de]
V  [jvm.dll+0x2272ac]
V  [jvm.dll+0x7e9bd7]
V  [jvm.dll+0x7e3fda]
V  [jvm.dll+0x67c1b5]
C  [ucrtbase.dll+0x21bb2]
C  [KERNEL32.DLL+0x17344]
C  [ntdll.dll+0x526b1]


---------------  P R O C E S S  ---------------

Threads class SMR info:
_java_thread_list=0x00000209c74d37d0, length=25, elements={
0x000002099678ea50, 0x00000209b33c2080, 0x00000209b33c3420, 0x00000209b33dd940,
0x00000209b33df420, 0x00000209b33e1d00, 0x00000209b33e25d0, 0x00000209b33e3280,
0x00000209b35408b0, 0x00000209b342e8d0, 0x00000209b3626760, 0x00000209b362f080,
0x00000209c7f913e0, 0x00000209c606f1f0, 0x00000209c60f5d00, 0x00000209c68356a0,
0x00000209c7403600, 0x00000209b3428030, 0x00000209b3705940, 0x00000209c69b9c40,
0x00000209b376a6a0, 0x00000209b376b5d0, 0x00000209b3769c80, 0x00000209b376abb0,
0x00000209b3768840
}

Java Threads: ( => current thread )
  0x000002099678ea50 JavaThread "main" [_thread_blocked, id=3716, stack(0x00000081b1200000,0x00000081b1300000)]
  0x00000209b33c2080 JavaThread "Reference Handler" daemon [_thread_blocked, id=14628, stack(0x00000081b1900000,0x00000081b1a00000)]
  0x00000209b33c3420 JavaThread "Finalizer" daemon [_thread_blocked, id=20092, stack(0x00000081b1a00000,0x00000081b1b00000)]
  0x00000209b33dd940 JavaThread "Signal Dispatcher" daemon [_thread_blocked, id=3604, stack(0x00000081b1b00000,0x00000081b1c00000)]
  0x00000209b33df420 JavaThread "Attach Listener" daemon [_thread_blocked, id=11784, stack(0x00000081b1c00000,0x00000081b1d00000)]
  0x00000209b33e1d00 JavaThread "Service Thread" daemon [_thread_blocked, id=14016, stack(0x00000081b1d00000,0x00000081b1e00000)]
  0x00000209b33e25d0 JavaThread "Monitor Deflation Thread" daemon [_thread_blocked, id=8916, stack(0x00000081b1e00000,0x00000081b1f00000)]
=>0x00000209b33e3280 JavaThread "C2 CompilerThread0" daemon [_thread_in_native, id=19632, stack(0x00000081b1f00000,0x00000081b2000000)]
  0x00000209b35408b0 JavaThread "C1 CompilerThread0" daemon [_thread_blocked, id=2312, stack(0x00000081b2000000,0x00000081b2100000)]
  0x00000209b342e8d0 JavaThread "Sweeper thread" daemon [_thread_blocked, id=3644, stack(0x00000081b2100000,0x00000081b2200000)]
  0x00000209b3626760 JavaThread "Common-Cleaner" daemon [_thread_blocked, id=19528, stack(0x00000081b2200000,0x00000081b2300000)]
  0x00000209b362f080 JavaThread "Notification Thread" daemon [_thread_blocked, id=19096, stack(0x00000081b2300000,0x00000081b2400000)]
  0x00000209c7f913e0 JavaThread "Daemon health stats" [_thread_blocked, id=18972, stack(0x00000081b2a00000,0x00000081b2b00000)]
  0x00000209c606f1f0 JavaThread "Incoming local TCP Connector on port 50380" [_thread_in_native, id=17564, stack(0x00000081b2b00000,0x00000081b2c00000)]
  0x00000209c60f5d00 JavaThread "Daemon periodic checks" [_thread_blocked, id=19816, stack(0x00000081b2c00000,0x00000081b2d00000)]
  0x00000209c68356a0 JavaThread "Daemon" [_thread_blocked, id=15692, stack(0x00000081b2e00000,0x00000081b2f00000)]
  0x00000209c7403600 JavaThread "Handler for socket connection from /127.0.0.1:50380 to /127.0.0.1:50395" [_thread_in_native, id=10316, stack(0x00000081b2f00000,0x00000081b3000000)]
  0x00000209b3428030 JavaThread "Cancel handler" [_thread_blocked, id=20340, stack(0x00000081b3000000,0x00000081b3100000)]
  0x00000209b3705940 JavaThread "Daemon worker" [_thread_in_vm, id=8560, stack(0x00000081b3100000,0x00000081b3200000)]
  0x00000209c69b9c40 JavaThread "Asynchronous log dispatcher for DefaultDaemonConnection: socket connection from /127.0.0.1:50380 to /127.0.0.1:50395" [_thread_blocked, id=10172, stack(0x00000081b3200000,0x00000081b3300000)]
  0x00000209b376a6a0 JavaThread "Stdin handler" [_thread_blocked, id=16324, stack(0x00000081b3300000,0x00000081b3400000)]
  0x00000209b376b5d0 JavaThread "Daemon client event forwarder" [_thread_blocked, id=11064, stack(0x00000081b3400000,0x00000081b3500000)]
  0x00000209b3769c80 JavaThread "Cache worker for journal cache (C:\Users\travi\.gradle\caches\journal-1)" [_thread_blocked, id=21064, stack(0x00000081b3700000,0x00000081b3800000)]
  0x00000209b376abb0 JavaThread "File lock request listener" [_thread_in_native, id=21096, stack(0x00000081b3800000,0x00000081b3900000)]
  0x00000209b3768840 JavaThread "File lock release action executor" [_thread_blocked, id=21180, stack(0x00000081b3900000,0x00000081b3a00000)]

Other Threads:
  0x00000209b33be9d0 VMThread "VM Thread" [stack: 0x00000081b1800000,0x00000081b1900000] [id=3492]
  0x00000209b362f560 WatcherThread [stack: 0x00000081b2400000,0x00000081b2500000] [id=19700]
  0x000002099887d140 GCTaskThread "GC Thread#0" [stack: 0x00000081b1300000,0x00000081b1400000] [id=19020]
  0x00000209b3772910 GCTaskThread "GC Thread#1" [stack: 0x00000081b2500000,0x00000081b2600000] [id=484]
  0x00000209b37733e0 GCTaskThread "GC Thread#2" [stack: 0x00000081b2600000,0x00000081b2700000] [id=15488]
  0x00000209b37736a0 GCTaskThread "GC Thread#3" [stack: 0x00000081b2700000,0x00000081b2800000] [id=19036]
  0x00000209b3773d70 GCTaskThread "GC Thread#4" [stack: 0x00000081b2800000,0x00000081b2900000] [id=11256]
  0x00000209c6596630 GCTaskThread "GC Thread#5" [stack: 0x00000081b2900000,0x00000081b2a00000] [id=13052]
  0x0000020998881fa0 ConcurrentGCThread "G1 Main Marker" [stack: 0x00000081b1400000,0x00000081b1500000] [id=15856]
  0x00000209988828d0 ConcurrentGCThread "G1 Conc#0" [stack: 0x00000081b1500000,0x00000081b1600000] [id=12772]
  0x000002099890ec40 ConcurrentGCThread "G1 Refine#0" [stack: 0x00000081b1600000,0x00000081b1700000] [id=12892]
  0x00000209b3282b90 ConcurrentGCThread "G1 Service" [stack: 0x00000081b1700000,0x00000081b1800000] [id=8396]

Threads with active compile tasks:
C2 CompilerThread0    67599 2318   !   4       java.lang.ClassLoader::loadClass (121 bytes)

VM state: not at safepoint (normal execution)

VM Mutex/Monitor currently owned by a thread: None

Heap address: 0x00000000e0000000, size: 512 MB, Compressed Oops mode: 32-bit

CDS archive(s) mapped at: [0x00000209b4000000-0x00000209b4bb0000-0x00000209b4bb0000), size 12255232, SharedBaseAddress: 0x00000209b4000000, ArchiveRelocationMode: 1.
Compressed class space mapped at: 0x00000209b5000000-0x00000209c2000000, reserved size: 218103808
Narrow klass base: 0x00000209b4000000, Narrow klass shift: 0, Narrow klass range: 0x100000000

GC Precious Log:
 CPUs: 8 total, 8 available
 Memory: 7101M
 Large Page Support: Disabled
 NUMA Support: Disabled
 Compressed Oops: Enabled (32-bit)
 Heap Region Size: 1M
 Heap Min Capacity: 256M
 Heap Initial Capacity: 256M
 Heap Max Capacity: 512M
 Pre-touch: Disabled
 Parallel Workers: 8
 Concurrent Workers: 2
 Concurrent Refinement Workers: 8
 Periodic GC: Disabled

Heap:
 garbage-first heap   total 262144K, used 63373K [0x00000000e0000000, 0x0000000100000000)
  region size 1024K, 53 young (54272K), 3 survivors (3072K)
 Metaspace       used 14042K, committed 14336K, reserved 278528K
  class space    used 1976K, committed 2112K, reserved 212992K

Heap Regions: E=young(eden), S=young(survivor), O=old, HS=humongous(starts), HC=humongous(continues), CS=collection set, F=free, OA=open archive, CA=closed archive, TAMS=top-at-mark-start (previous, next)
|   0|0x00000000e0000000, 0x00000000e0100000, 0x00000000e0100000|100%|HS|  |TAMS 0x00000000e0000000, 0x00000000e0000000| Complete 
|   1|0x00000000e0100000, 0x00000000e0200000, 0x00000000e0200000|100%|HC|  |TAMS 0x00000000e0100000, 0x00000000e0100000| Complete 
|   2|0x00000000e0200000, 0x00000000e0300000, 0x00000000e0300000|100%|HC|  |TAMS 0x00000000e0200000, 0x00000000e0200000| Complete 
|   3|0x00000000e0300000, 0x00000000e0400000, 0x00000000e0400000|100%|HC|  |TAMS 0x00000000e0300000, 0x00000000e0300000| Complete 
|   4|0x00000000e0400000, 0x00000000e0500000, 0x00000000e0500000|100%| O|  |TAMS 0x00000000e0400000, 0x00000000e0400000| Untracked 
|   5|0x00000000e0500000, 0x00000000e0600000, 0x00000000e0600000|100%| O|  |TAMS 0x00000000e0500000, 0x00000000e0500000| Untracked 
|   6|0x00000000e0600000, 0x00000000e0700000, 0x00000000e0700000|100%| O|  |TAMS 0x00000000e0600000, 0x00000000e0600000| Untracked 
|   7|0x00000000e0700000, 0x00000000e0700000, 0x00000000e0800000|  0%| F|  |TAMS 0x00000000e0700000, 0x00000000e0700000| Untracked 
|   8|0x00000000e0800000, 0x00000000e0900000, 0x00000000e0900000|100%| O|  |TAMS 0x00000000e0800000, 0x00000000e0800000| Untracked 
|   9|0x00000000e0900000, 0x00000000e0a00000, 0x00000000e0a00000|100%| O|  |TAMS 0x00000000e0900000, 0x00000000e0900000| Untracked 
|  10|0x00000000e0a00000, 0x00000000e0ae4200, 0x00000000e0b00000| 89%| O|  |TAMS 0x00000000e0a00000, 0x00000000e0a00000| Untracked 
|  11|0x00000000e0b00000, 0x00000000e0b00000, 0x00000000e0c00000|  0%| F|  |TAMS 0x00000000e0b00000, 0x00000000e0b00000| Untracked 
|  12|0x00000000e0c00000, 0x00000000e0c00000, 0x00000000e0d00000|  0%| F|  |TAMS 0x00000000e0c00000, 0x00000000e0c00000| Untracked 
|  13|0x00000000e0d00000, 0x00000000e0d00000, 0x00000000e0e00000|  0%| F|  |TAMS 0x00000000e0d00000, 0x00000000e0d00000| Untracked 
|  14|0x00000000e0e00000, 0x00000000e0e00000, 0x00000000e0f00000|  0%| F|  |TAMS 0x00000000e0e00000, 0x00000000e0e00000| Untracked 
|  15|0x00000000e0f00000, 0x00000000e0f00000, 0x00000000e1000000|  0%| F|  |TAMS 0x00000000e0f00000, 0x00000000e0f00000| Untracked 
|  16|0x00000000e1000000, 0x00000000e1000000, 0x00000000e1100000|  0%| F|  |TAMS 0x00000000e1000000, 0x00000000e1000000| Untracked 
|  17|0x00000000e1100000, 0x00000000e1100000, 0x00000000e1200000|  0%| F|  |TAMS 0x00000000e1100000, 0x00000000e1100000| Untracked 
|  18|0x00000000e1200000, 0x00000000e1200000, 0x00000000e1300000|  0%| F|  |TAMS 0x00000000e1200000, 0x00000000e1200000| Untracked 
|  19|0x00000000e1300000, 0x00000000e1300000, 0x00000000e1400000|  0%| F|  |TAMS 0x00000000e1300000, 0x00000000e1300000| Untracked 
|  20|0x00000000e1400000, 0x00000000e1400000, 0x00000000e1500000|  0%| F|  |TAMS 0x00000000e1400000, 0x00000000e1400000| Untracked 
|  21|0x00000000e1500000, 0x00000000e1500000, 0x00000000e1600000|  0%| F|  |TAMS 0x00000000e1500000, 0x00000000e1500000| Untracked 
|  22|0x00000000e1600000, 0x00000000e1600000, 0x00000000e1700000|  0%| F|  |TAMS 0x00000000e1600000, 0x00000000e1600000| Untracked 
|  23|0x00000000e1700000, 0x00000000e1700000, 0x00000000e1800000|  0%| F|  |TAMS 0x00000000e1700000, 0x00000000e1700000| Untracked 
|  24|0x00000000e1800000, 0x00000000e1800000, 0x00000000e1900000|  0%| F|  |TAMS 0x00000000e1800000, 0x00000000e1800000| Untracked 
|  25|0x00000000e1900000, 0x00000000e1900000, 0x00000000e1a00000|  0%| F|  |TAMS 0x00000000e1900000, 0x00000000e1900000| Untracked 
|  26|0x00000000e1a00000, 0x00000000e1a00000, 0x00000000e1b00000|  0%| F|  |TAMS 0x00000000e1a00000, 0x00000000e1a00000| Untracked 
|  27|0x00000000e1b00000, 0x00000000e1b00000, 0x00000000e1c00000|  0%| F|  |TAMS 0x00000000e1b00000, 0x00000000e1b00000| Untracked 
|  28|0x00000000e1c00000, 0x00000000e1c00000, 0x00000000e1d00000|  0%| F|  |TAMS 0x00000000e1c00000, 0x00000000e1c00000| Untracked 
|  29|0x00000000e1d00000, 0x00000000e1d00000, 0x00000000e1e00000|  0%| F|  |TAMS 0x00000000e1d00000, 0x00000000e1d00000| Untracked 
|  30|0x00000000e1e00000, 0x00000000e1e00000, 0x00000000e1f00000|  0%| F|  |TAMS 0x00000000e1e00000, 0x00000000e1e00000| Untracked 
|  31|0x00000000e1f00000, 0x00000000e1f00000, 0x00000000e2000000|  0%| F|  |TAMS 0x00000000e1f00000, 0x00000000e1f00000| Untracked 
|  32|0x00000000e2000000, 0x00000000e2000000, 0x00000000e2100000|  0%| F|  |TAMS 0x00000000e2000000, 0x00000000e2000000| Untracked 
|  33|0x00000000e2100000, 0x00000000e2100000, 0x00000000e2200000|  0%| F|  |TAMS 0x00000000e2100000, 0x00000000e2100000| Untracked 
|  34|0x00000000e2200000, 0x00000000e2200000, 0x00000000e2300000|  0%| F|  |TAMS 0x00000000e2200000, 0x00000000e2200000| Untracked 
|  35|0x00000000e2300000, 0x00000000e2300000, 0x00000000e2400000|  0%| F|  |TAMS 0x00000000e2300000, 0x00000000e2300000| Untracked 
|  36|0x00000000e2400000, 0x00000000e2400000, 0x00000000e2500000|  0%| F|  |TAMS 0x00000000e2400000, 0x00000000e2400000| Untracked 
|  37|0x00000000e2500000, 0x00000000e2500000, 0x00000000e2600000|  0%| F|  |TAMS 0x00000000e2500000, 0x00000000e2500000| Untracked 
|  38|0x00000000e2600000, 0x00000000e2600000, 0x00000000e2700000|  0%| F|  |TAMS 0x00000000e2600000, 0x00000000e2600000| Untracked 
|  39|0x00000000e2700000, 0x00000000e2700000, 0x00000000e2800000|  0%| F|  |TAMS 0x00000000e2700000, 0x00000000e2700000| Untracked 
|  40|0x00000000e2800000, 0x00000000e2800000, 0x00000000e2900000|  0%| F|  |TAMS 0x00000000e2800000, 0x00000000e2800000| Untracked 
|  41|0x00000000e2900000, 0x00000000e2900000, 0x00000000e2a00000|  0%| F|  |TAMS 0x00000000e2900000, 0x00000000e2900000| Untracked 
|  42|0x00000000e2a00000, 0x00000000e2a00000, 0x00000000e2b00000|  0%| F|  |TAMS 0x00000000e2a00000, 0x00000000e2a00000| Untracked 
|  43|0x00000000e2b00000, 0x00000000e2b00000, 0x00000000e2c00000|  0%| F|  |TAMS 0x00000000e2b00000, 0x00000000e2b00000| Untracked 
|  44|0x00000000e2c00000, 0x00000000e2c00000, 0x00000000e2d00000|  0%| F|  |TAMS 0x00000000e2c00000, 0x00000000e2c00000| Untracked 
|  45|0x00000000e2d00000, 0x00000000e2d00000, 0x00000000e2e00000|  0%| F|  |TAMS 0x00000000e2d00000, 0x00000000e2d00000| Untracked 
|  46|0x00000000e2e00000, 0x00000000e2e00000, 0x00000000e2f00000|  0%| F|  |TAMS 0x00000000e2e00000, 0x00000000e2e00000| Untracked 
|  47|0x00000000e2f00000, 0x00000000e2f00000, 0x00000000e3000000|  0%| F|  |TAMS 0x00000000e2f00000, 0x00000000e2f00000| Untracked 
|  48|0x00000000e3000000, 0x00000000e3000000, 0x00000000e3100000|  0%| F|  |TAMS 0x00000000e3000000, 0x00000000e3000000| Untracked 
|  49|0x00000000e3100000, 0x00000000e3100000, 0x00000000e3200000|  0%| F|  |TAMS 0x00000000e3100000, 0x00000000e3100000| Untracked 
|  50|0x00000000e3200000, 0x00000000e3200000, 0x00000000e3300000|  0%| F|  |TAMS 0x00000000e3200000, 0x00000000e3200000| Untracked 
|  51|0x00000000e3300000, 0x00000000e3300000, 0x00000000e3400000|  0%| F|  |TAMS 0x00000000e3300000, 0x00000000e3300000| Untracked 
|  52|0x00000000e3400000, 0x00000000e3400000, 0x00000000e3500000|  0%| F|  |TAMS 0x00000000e3400000, 0x00000000e3400000| Untracked 
|  53|0x00000000e3500000, 0x00000000e3500000, 0x00000000e3600000|  0%| F|  |TAMS 0x00000000e3500000, 0x00000000e3500000| Untracked 
|  54|0x00000000e3600000, 0x00000000e3600000, 0x00000000e3700000|  0%| F|  |TAMS 0x00000000e3600000, 0x00000000e3600000| Untracked 
|  55|0x00000000e3700000, 0x00000000e3700000, 0x00000000e3800000|  0%| F|  |TAMS 0x00000000e3700000, 0x00000000e3700000| Untracked 
|  56|0x00000000e3800000, 0x00000000e3800000, 0x00000000e3900000|  0%| F|  |TAMS 0x00000000e3800000, 0x00000000e3800000| Untracked 
|  57|0x00000000e3900000, 0x00000000e3900000, 0x00000000e3a00000|  0%| F|  |TAMS 0x00000000e3900000, 0x00000000e3900000| Untracked 
|  58|0x00000000e3a00000, 0x00000000e3a00000, 0x00000000e3b00000|  0%| F|  |TAMS 0x00000000e3a00000, 0x00000000e3a00000| Untracked 
|  59|0x00000000e3b00000, 0x00000000e3b00000, 0x00000000e3c00000|  0%| F|  |TAMS 0x00000000e3b00000, 0x00000000e3b00000| Untracked 
|  60|0x00000000e3c00000, 0x00000000e3c00000, 0x00000000e3d00000|  0%| F|  |TAMS 0x00000000e3c00000, 0x00000000e3c00000| Untracked 
|  61|0x00000000e3d00000, 0x00000000e3d00000, 0x00000000e3e00000|  0%| F|  |TAMS 0x00000000e3d00000, 0x00000000e3d00000| Untracked 
|  62|0x00000000e3e00000, 0x00000000e3e00000, 0x00000000e3f00000|  0%| F|  |TAMS 0x00000000e3e00000, 0x00000000e3e00000| Untracked 
|  63|0x00000000e3f00000, 0x00000000e3f00000, 0x00000000e4000000|  0%| F|  |TAMS 0x00000000e3f00000, 0x00000000e3f00000| Untracked 
|  64|0x00000000e4000000, 0x00000000e4000000, 0x00000000e4100000|  0%| F|  |TAMS 0x00000000e4000000, 0x00000000e4000000| Untracked 
|  65|0x00000000e4100000, 0x00000000e4100000, 0x00000000e4200000|  0%| F|  |TAMS 0x00000000e4100000, 0x00000000e4100000| Untracked 
|  66|0x00000000e4200000, 0x00000000e4200000, 0x00000000e4300000|  0%| F|  |TAMS 0x00000000e4200000, 0x00000000e4200000| Untracked 
|  67|0x00000000e4300000, 0x00000000e4300000, 0x00000000e4400000|  0%| F|  |TAMS 0x00000000e4300000, 0x00000000e4300000| Untracked 
|  68|0x00000000e4400000, 0x00000000e4400000, 0x00000000e4500000|  0%| F|  |TAMS 0x00000000e4400000, 0x00000000e4400000| Untracked 
|  69|0x00000000e4500000, 0x00000000e4500000, 0x00000000e4600000|  0%| F|  |TAMS 0x00000000e4500000, 0x00000000e4500000| Untracked 
|  70|0x00000000e4600000, 0x00000000e4600000, 0x00000000e4700000|  0%| F|  |TAMS 0x00000000e4600000, 0x00000000e4600000| Untracked 
|  71|0x00000000e4700000, 0x00000000e4700000, 0x00000000e4800000|  0%| F|  |TAMS 0x00000000e4700000, 0x00000000e4700000| Untracked 
|  72|0x00000000e4800000, 0x00000000e4800000, 0x00000000e4900000|  0%| F|  |TAMS 0x00000000e4800000, 0x00000000e4800000| Untracked 
|  73|0x00000000e4900000, 0x00000000e4900000, 0x00000000e4a00000|  0%| F|  |TAMS 0x00000000e4900000, 0x00000000e4900000| Untracked 
|  74|0x00000000e4a00000, 0x00000000e4a00000, 0x00000000e4b00000|  0%| F|  |TAMS 0x00000000e4a00000, 0x00000000e4a00000| Untracked 
|  75|0x00000000e4b00000, 0x00000000e4b00000, 0x00000000e4c00000|  0%| F|  |TAMS 0x00000000e4b00000, 0x00000000e4b00000| Untracked 
|  76|0x00000000e4c00000, 0x00000000e4c00000, 0x00000000e4d00000|  0%| F|  |TAMS 0x00000000e4c00000, 0x00000000e4c00000| Untracked 
|  77|0x00000000e4d00000, 0x00000000e4d00000, 0x00000000e4e00000|  0%| F|  |TAMS 0x00000000e4d00000, 0x00000000e4d00000| Untracked 
|  78|0x00000000e4e00000, 0x00000000e4e00000, 0x00000000e4f00000|  0%| F|  |TAMS 0x00000000e4e00000, 0x00000000e4e00000| Untracked 
|  79|0x00000000e4f00000, 0x00000000e4f00000, 0x00000000e5000000|  0%| F|  |TAMS 0x00000000e4f00000, 0x00000000e4f00000| Untracked 
|  80|0x00000000e5000000, 0x00000000e5000000, 0x00000000e5100000|  0%| F|  |TAMS 0x00000000e5000000, 0x00000000e5000000| Untracked 
|  81|0x00000000e5100000, 0x00000000e5100000, 0x00000000e5200000|  0%| F|  |TAMS 0x00000000e5100000, 0x00000000e5100000| Untracked 
|  82|0x00000000e5200000, 0x00000000e5200000, 0x00000000e5300000|  0%| F|  |TAMS 0x00000000e5200000, 0x00000000e5200000| Untracked 
|  83|0x00000000e5300000, 0x00000000e5300000, 0x00000000e5400000|  0%| F|  |TAMS 0x00000000e5300000, 0x00000000e5300000| Untracked 
|  84|0x00000000e5400000, 0x00000000e5400000, 0x00000000e5500000|  0%| F|  |TAMS 0x00000000e5400000, 0x00000000e5400000| Untracked 
|  85|0x00000000e5500000, 0x00000000e5500000, 0x00000000e5600000|  0%| F|  |TAMS 0x00000000e5500000, 0x00000000e5500000| Untracked 
|  86|0x00000000e5600000, 0x00000000e5600000, 0x00000000e5700000|  0%| F|  |TAMS 0x00000000e5600000, 0x00000000e5600000| Untracked 
|  87|0x00000000e5700000, 0x00000000e5700000, 0x00000000e5800000|  0%| F|  |TAMS 0x00000000e5700000, 0x00000000e5700000| Untracked 
|  88|0x00000000e5800000, 0x00000000e5800000, 0x00000000e5900000|  0%| F|  |TAMS 0x00000000e5800000, 0x00000000e5800000| Untracked 
|  89|0x00000000e5900000, 0x00000000e5900000, 0x00000000e5a00000|  0%| F|  |TAMS 0x00000000e5900000, 0x00000000e5900000| Untracked 
|  90|0x00000000e5a00000, 0x00000000e5a00000, 0x00000000e5b00000|  0%| F|  |TAMS 0x00000000e5a00000, 0x00000000e5a00000| Untracked 
|  91|0x00000000e5b00000, 0x00000000e5b00000, 0x00000000e5c00000|  0%| F|  |TAMS 0x00000000e5b00000, 0x00000000e5b00000| Untracked 
|  92|0x00000000e5c00000, 0x00000000e5c00000, 0x00000000e5d00000|  0%| F|  |TAMS 0x00000000e5c00000, 0x00000000e5c00000| Untracked 
|  93|0x00000000e5d00000, 0x00000000e5d00000, 0x00000000e5e00000|  0%| F|  |TAMS 0x00000000e5d00000, 0x00000000e5d00000| Untracked 
|  94|0x00000000e5e00000, 0x00000000e5e00000, 0x00000000e5f00000|  0%| F|  |TAMS 0x00000000e5e00000, 0x00000000e5e00000| Untracked 
|  95|0x00000000e5f00000, 0x00000000e5f00000, 0x00000000e6000000|  0%| F|  |TAMS 0x00000000e5f00000, 0x00000000e5f00000| Untracked 
|  96|0x00000000e6000000, 0x00000000e6000000, 0x00000000e6100000|  0%| F|  |TAMS 0x00000000e6000000, 0x00000000e6000000| Untracked 
|  97|0x00000000e6100000, 0x00000000e6100000, 0x00000000e6200000|  0%| F|  |TAMS 0x00000000e6100000, 0x00000000e6100000| Untracked 
|  98|0x00000000e6200000, 0x00000000e6200000, 0x00000000e6300000|  0%| F|  |TAMS 0x00000000e6200000, 0x00000000e6200000| Untracked 
|  99|0x00000000e6300000, 0x00000000e6300000, 0x00000000e6400000|  0%| F|  |TAMS 0x00000000e6300000, 0x00000000e6300000| Untracked 
| 100|0x00000000e6400000, 0x00000000e6400000, 0x00000000e6500000|  0%| F|  |TAMS 0x00000000e6400000, 0x00000000e6400000| Untracked 
| 101|0x00000000e6500000, 0x00000000e6500000, 0x00000000e6600000|  0%| F|  |TAMS 0x00000000e6500000, 0x00000000e6500000| Untracked 
| 102|0x00000000e6600000, 0x00000000e6600000, 0x00000000e6700000|  0%| F|  |TAMS 0x00000000e6600000, 0x00000000e6600000| Untracked 
| 103|0x00000000e6700000, 0x00000000e6700000, 0x00000000e6800000|  0%| F|  |TAMS 0x00000000e6700000, 0x00000000e6700000| Untracked 
| 104|0x00000000e6800000, 0x00000000e6800000, 0x00000000e6900000|  0%| F|  |TAMS 0x00000000e6800000, 0x00000000e6800000| Untracked 
| 105|0x00000000e6900000, 0x00000000e6900000, 0x00000000e6a00000|  0%| F|  |TAMS 0x00000000e6900000, 0x00000000e6900000| Untracked 
| 106|0x00000000e6a00000, 0x00000000e6a00000, 0x00000000e6b00000|  0%| F|  |TAMS 0x00000000e6a00000, 0x00000000e6a00000| Untracked 
| 107|0x00000000e6b00000, 0x00000000e6b00000, 0x00000000e6c00000|  0%| F|  |TAMS 0x00000000e6b00000, 0x00000000e6b00000| Untracked 
| 108|0x00000000e6c00000, 0x00000000e6c00000, 0x00000000e6d00000|  0%| F|  |TAMS 0x00000000e6c00000, 0x00000000e6c00000| Untracked 
| 109|0x00000000e6d00000, 0x00000000e6d00000, 0x00000000e6e00000|  0%| F|  |TAMS 0x00000000e6d00000, 0x00000000e6d00000| Untracked 
| 110|0x00000000e6e00000, 0x00000000e6e00000, 0x00000000e6f00000|  0%| F|  |TAMS 0x00000000e6e00000, 0x00000000e6e00000| Untracked 
| 111|0x00000000e6f00000, 0x00000000e6f00000, 0x00000000e7000000|  0%| F|  |TAMS 0x00000000e6f00000, 0x00000000e6f00000| Untracked 
| 112|0x00000000e7000000, 0x00000000e7000000, 0x00000000e7100000|  0%| F|  |TAMS 0x00000000e7000000, 0x00000000e7000000| Untracked 
| 113|0x00000000e7100000, 0x00000000e7100000, 0x00000000e7200000|  0%| F|  |TAMS 0x00000000e7100000, 0x00000000e7100000| Untracked 
| 114|0x00000000e7200000, 0x00000000e7200000, 0x00000000e7300000|  0%| F|  |TAMS 0x00000000e7200000, 0x00000000e7200000| Untracked 
| 115|0x00000000e7300000, 0x00000000e7300000, 0x00000000e7400000|  0%| F|  |TAMS 0x00000000e7300000, 0x00000000e7300000| Untracked 
| 116|0x00000000e7400000, 0x00000000e7400000, 0x00000000e7500000|  0%| F|  |TAMS 0x00000000e7400000, 0x00000000e7400000| Untracked 
| 117|0x00000000e7500000, 0x00000000e7500000, 0x00000000e7600000|  0%| F|  |TAMS 0x00000000e7500000, 0x00000000e7500000| Untracked 
| 118|0x00000000e7600000, 0x00000000e7600000, 0x00000000e7700000|  0%| F|  |TAMS 0x00000000e7600000, 0x00000000e7600000| Untracked 
| 119|0x00000000e7700000, 0x00000000e7700000, 0x00000000e7800000|  0%| F|  |TAMS 0x00000000e7700000, 0x00000000e7700000| Untracked 
| 120|0x00000000e7800000, 0x00000000e7800000, 0x00000000e7900000|  0%| F|  |TAMS 0x00000000e7800000, 0x00000000e7800000| Untracked 
| 121|0x00000000e7900000, 0x00000000e7900000, 0x00000000e7a00000|  0%| F|  |TAMS 0x00000000e7900000, 0x00000000e7900000| Untracked 
| 122|0x00000000e7a00000, 0x00000000e7a00000, 0x00000000e7b00000|  0%| F|  |TAMS 0x00000000e7a00000, 0x00000000e7a00000| Untracked 
| 123|0x00000000e7b00000, 0x00000000e7b00000, 0x00000000e7c00000|  0%| F|  |TAMS 0x00000000e7b00000, 0x00000000e7b00000| Untracked 
| 124|0x00000000e7c00000, 0x00000000e7c00000, 0x00000000e7d00000|  0%| F|  |TAMS 0x00000000e7c00000, 0x00000000e7c00000| Untracked 
| 125|0x00000000e7d00000, 0x00000000e7d00000, 0x00000000e7e00000|  0%| F|  |TAMS 0x00000000e7d00000, 0x00000000e7d00000| Untracked 
| 126|0x00000000e7e00000, 0x00000000e7e00000, 0x00000000e7f00000|  0%| F|  |TAMS 0x00000000e7e00000, 0x00000000e7e00000| Untracked 
| 127|0x00000000e7f00000, 0x00000000e7f00000, 0x00000000e8000000|  0%| F|  |TAMS 0x00000000e7f00000, 0x00000000e7f00000| Untracked 
| 128|0x00000000e8000000, 0x00000000e8000000, 0x00000000e8100000|  0%| F|  |TAMS 0x00000000e8000000, 0x00000000e8000000| Untracked 
| 129|0x00000000e8100000, 0x00000000e8100000, 0x00000000e8200000|  0%| F|  |TAMS 0x00000000e8100000, 0x00000000e8100000| Untracked 
| 130|0x00000000e8200000, 0x00000000e8200000, 0x00000000e8300000|  0%| F|  |TAMS 0x00000000e8200000, 0x00000000e8200000| Untracked 
| 131|0x00000000e8300000, 0x00000000e8300000, 0x00000000e8400000|  0%| F|  |TAMS 0x00000000e8300000, 0x00000000e8300000| Untracked 
| 132|0x00000000e8400000, 0x00000000e8400000, 0x00000000e8500000|  0%| F|  |TAMS 0x00000000e8400000, 0x00000000e8400000| Untracked 
| 133|0x00000000e8500000, 0x00000000e8500000, 0x00000000e8600000|  0%| F|  |TAMS 0x00000000e8500000, 0x00000000e8500000| Untracked 
| 134|0x00000000e8600000, 0x00000000e8600000, 0x00000000e8700000|  0%| F|  |TAMS 0x00000000e8600000, 0x00000000e8600000| Untracked 
| 135|0x00000000e8700000, 0x00000000e8700000, 0x00000000e8800000|  0%| F|  |TAMS 0x00000000e8700000, 0x00000000e8700000| Untracked 
| 136|0x00000000e8800000, 0x00000000e8800000, 0x00000000e8900000|  0%| F|  |TAMS 0x00000000e8800000, 0x00000000e8800000| Untracked 
| 137|0x00000000e8900000, 0x00000000e8900000, 0x00000000e8a00000|  0%| F|  |TAMS 0x00000000e8900000, 0x00000000e8900000| Untracked 
| 138|0x00000000e8a00000, 0x00000000e8a00000, 0x00000000e8b00000|  0%| F|  |TAMS 0x00000000e8a00000, 0x00000000e8a00000| Untracked 
| 139|0x00000000e8b00000, 0x00000000e8b00000, 0x00000000e8c00000|  0%| F|  |TAMS 0x00000000e8b00000, 0x00000000e8b00000| Untracked 
| 140|0x00000000e8c00000, 0x00000000e8c00000, 0x00000000e8d00000|  0%| F|  |TAMS 0x00000000e8c00000, 0x00000000e8c00000| Untracked 
| 141|0x00000000e8d00000, 0x00000000e8d00000, 0x00000000e8e00000|  0%| F|  |TAMS 0x00000000e8d00000, 0x00000000e8d00000| Untracked 
| 142|0x00000000e8e00000, 0x00000000e8e00000, 0x00000000e8f00000|  0%| F|  |TAMS 0x00000000e8e00000, 0x00000000e8e00000| Untracked 
| 143|0x00000000e8f00000, 0x00000000e8f00000, 0x00000000e9000000|  0%| F|  |TAMS 0x00000000e8f00000, 0x00000000e8f00000| Untracked 
| 144|0x00000000e9000000, 0x00000000e9000000, 0x00000000e9100000|  0%| F|  |TAMS 0x00000000e9000000, 0x00000000e9000000| Untracked 
| 145|0x00000000e9100000, 0x00000000e9100000, 0x00000000e9200000|  0%| F|  |TAMS 0x00000000e9100000, 0x00000000e9100000| Untracked 
| 146|0x00000000e9200000, 0x00000000e9200000, 0x00000000e9300000|  0%| F|  |TAMS 0x00000000e9200000, 0x00000000e9200000| Untracked 
| 147|0x00000000e9300000, 0x00000000e9300000, 0x00000000e9400000|  0%| F|  |TAMS 0x00000000e9300000, 0x00000000e9300000| Untracked 
| 148|0x00000000e9400000, 0x00000000e9400000, 0x00000000e9500000|  0%| F|  |TAMS 0x00000000e9400000, 0x00000000e9400000| Untracked 
| 149|0x00000000e9500000, 0x00000000e9500000, 0x00000000e9600000|  0%| F|  |TAMS 0x00000000e9500000, 0x00000000e9500000| Untracked 
| 150|0x00000000e9600000, 0x00000000e9600000, 0x00000000e9700000|  0%| F|  |TAMS 0x00000000e9600000, 0x00000000e9600000| Untracked 
| 151|0x00000000e9700000, 0x00000000e9700000, 0x00000000e9800000|  0%| F|  |TAMS 0x00000000e9700000, 0x00000000e9700000| Untracked 
| 152|0x00000000e9800000, 0x00000000e9800000, 0x00000000e9900000|  0%| F|  |TAMS 0x00000000e9800000, 0x00000000e9800000| Untracked 
| 153|0x00000000e9900000, 0x00000000e9900000, 0x00000000e9a00000|  0%| F|  |TAMS 0x00000000e9900000, 0x00000000e9900000| Untracked 
| 154|0x00000000e9a00000, 0x00000000e9a00000, 0x00000000e9b00000|  0%| F|  |TAMS 0x00000000e9a00000, 0x00000000e9a00000| Untracked 
| 155|0x00000000e9b00000, 0x00000000e9b00000, 0x00000000e9c00000|  0%| F|  |TAMS 0x00000000e9b00000, 0x00000000e9b00000| Untracked 
| 156|0x00000000e9c00000, 0x00000000e9c00000, 0x00000000e9d00000|  0%| F|  |TAMS 0x00000000e9c00000, 0x00000000e9c00000| Untracked 
| 157|0x00000000e9d00000, 0x00000000e9d00000, 0x00000000e9e00000|  0%| F|  |TAMS 0x00000000e9d00000, 0x00000000e9d00000| Untracked 
| 158|0x00000000e9e00000, 0x00000000e9e00000, 0x00000000e9f00000|  0%| F|  |TAMS 0x00000000e9e00000, 0x00000000e9e00000| Untracked 
| 159|0x00000000e9f00000, 0x00000000e9f00000, 0x00000000ea000000|  0%| F|  |TAMS 0x00000000e9f00000, 0x00000000e9f00000| Untracked 
| 160|0x00000000ea000000, 0x00000000ea000000, 0x00000000ea100000|  0%| F|  |TAMS 0x00000000ea000000, 0x00000000ea000000| Untracked 
| 161|0x00000000ea100000, 0x00000000ea100000, 0x00000000ea200000|  0%| F|  |TAMS 0x00000000ea100000, 0x00000000ea100000| Untracked 
| 162|0x00000000ea200000, 0x00000000ea200000, 0x00000000ea300000|  0%| F|  |TAMS 0x00000000ea200000, 0x00000000ea200000| Untracked 
| 163|0x00000000ea300000, 0x00000000ea300000, 0x00000000ea400000|  0%| F|  |TAMS 0x00000000ea300000, 0x00000000ea300000| Untracked 
| 164|0x00000000ea400000, 0x00000000ea400000, 0x00000000ea500000|  0%| F|  |TAMS 0x00000000ea400000, 0x00000000ea400000| Untracked 
| 165|0x00000000ea500000, 0x00000000ea500000, 0x00000000ea600000|  0%| F|  |TAMS 0x00000000ea500000, 0x00000000ea500000| Untracked 
| 166|0x00000000ea600000, 0x00000000ea600000, 0x00000000ea700000|  0%| F|  |TAMS 0x00000000ea600000, 0x00000000ea600000| Untracked 
| 167|0x00000000ea700000, 0x00000000ea700000, 0x00000000ea800000|  0%| F|  |TAMS 0x00000000ea700000, 0x00000000ea700000| Untracked 
| 168|0x00000000ea800000, 0x00000000ea800000, 0x00000000ea900000|  0%| F|  |TAMS 0x00000000ea800000, 0x00000000ea800000| Untracked 
| 169|0x00000000ea900000, 0x00000000ea900000, 0x00000000eaa00000|  0%| F|  |TAMS 0x00000000ea900000, 0x00000000ea900000| Untracked 
| 170|0x00000000eaa00000, 0x00000000eaa00000, 0x00000000eab00000|  0%| F|  |TAMS 0x00000000eaa00000, 0x00000000eaa00000| Untracked 
| 171|0x00000000eab00000, 0x00000000eab00000, 0x00000000eac00000|  0%| F|  |TAMS 0x00000000eab00000, 0x00000000eab00000| Untracked 
| 172|0x00000000eac00000, 0x00000000eac00000, 0x00000000ead00000|  0%| F|  |TAMS 0x00000000eac00000, 0x00000000eac00000| Untracked 
| 173|0x00000000ead00000, 0x00000000ead00000, 0x00000000eae00000|  0%| F|  |TAMS 0x00000000ead00000, 0x00000000ead00000| Untracked 
| 174|0x00000000eae00000, 0x00000000eae00000, 0x00000000eaf00000|  0%| F|  |TAMS 0x00000000eae00000, 0x00000000eae00000| Untracked 
| 175|0x00000000eaf00000, 0x00000000eaf00000, 0x00000000eb000000|  0%| F|  |TAMS 0x00000000eaf00000, 0x00000000eaf00000| Untracked 
| 176|0x00000000eb000000, 0x00000000eb000000, 0x00000000eb100000|  0%| F|  |TAMS 0x00000000eb000000, 0x00000000eb000000| Untracked 
| 177|0x00000000eb100000, 0x00000000eb100000, 0x00000000eb200000|  0%| F|  |TAMS 0x00000000eb100000, 0x00000000eb100000| Untracked 
| 178|0x00000000eb200000, 0x00000000eb200000, 0x00000000eb300000|  0%| F|  |TAMS 0x00000000eb200000, 0x00000000eb200000| Untracked 
| 179|0x00000000eb300000, 0x00000000eb300000, 0x00000000eb400000|  0%| F|  |TAMS 0x00000000eb300000, 0x00000000eb300000| Untracked 
| 180|0x00000000eb400000, 0x00000000eb400000, 0x00000000eb500000|  0%| F|  |TAMS 0x00000000eb400000, 0x00000000eb400000| Untracked 
| 181|0x00000000eb500000, 0x00000000eb500000, 0x00000000eb600000|  0%| F|  |TAMS 0x00000000eb500000, 0x00000000eb500000| Untracked 
| 182|0x00000000eb600000, 0x00000000eb600000, 0x00000000eb700000|  0%| F|  |TAMS 0x00000000eb600000, 0x00000000eb600000| Untracked 
| 183|0x00000000eb700000, 0x00000000eb700000, 0x00000000eb800000|  0%| F|  |TAMS 0x00000000eb700000, 0x00000000eb700000| Untracked 
| 184|0x00000000eb800000, 0x00000000eb800000, 0x00000000eb900000|  0%| F|  |TAMS 0x00000000eb800000, 0x00000000eb800000| Untracked 
| 185|0x00000000eb900000, 0x00000000eb900000, 0x00000000eba00000|  0%| F|  |TAMS 0x00000000eb900000, 0x00000000eb900000| Untracked 
| 186|0x00000000eba00000, 0x00000000eba00000, 0x00000000ebb00000|  0%| F|  |TAMS 0x00000000eba00000, 0x00000000eba00000| Untracked 
| 187|0x00000000ebb00000, 0x00000000ebb00000, 0x00000000ebc00000|  0%| F|  |TAMS 0x00000000ebb00000, 0x00000000ebb00000| Untracked 
| 188|0x00000000ebc00000, 0x00000000ebc00000, 0x00000000ebd00000|  0%| F|  |TAMS 0x00000000ebc00000, 0x00000000ebc00000| Untracked 
| 189|0x00000000ebd00000, 0x00000000ebd00000, 0x00000000ebe00000|  0%| F|  |TAMS 0x00000000ebd00000, 0x00000000ebd00000| Untracked 
| 190|0x00000000ebe00000, 0x00000000ebe00000, 0x00000000ebf00000|  0%| F|  |TAMS 0x00000000ebe00000, 0x00000000ebe00000| Untracked 
| 191|0x00000000ebf00000, 0x00000000ebf00000, 0x00000000ec000000|  0%| F|  |TAMS 0x00000000ebf00000, 0x00000000ebf00000| Untracked 
| 192|0x00000000ec000000, 0x00000000ec000000, 0x00000000ec100000|  0%| F|  |TAMS 0x00000000ec000000, 0x00000000ec000000| Untracked 
| 193|0x00000000ec100000, 0x00000000ec100000, 0x00000000ec200000|  0%| F|  |TAMS 0x00000000ec100000, 0x00000000ec100000| Untracked 
| 194|0x00000000ec200000, 0x00000000ec200000, 0x00000000ec300000|  0%| F|  |TAMS 0x00000000ec200000, 0x00000000ec200000| Untracked 
| 195|0x00000000ec300000, 0x00000000ec300000, 0x00000000ec400000|  0%| F|  |TAMS 0x00000000ec300000, 0x00000000ec300000| Untracked 
| 196|0x00000000ec400000, 0x00000000ec400000, 0x00000000ec500000|  0%| F|  |TAMS 0x00000000ec400000, 0x00000000ec400000| Untracked 
| 197|0x00000000ec500000, 0x00000000ec500000, 0x00000000ec600000|  0%| F|  |TAMS 0x00000000ec500000, 0x00000000ec500000| Untracked 
| 198|0x00000000ec600000, 0x00000000ec600000, 0x00000000ec700000|  0%| F|  |TAMS 0x00000000ec600000, 0x00000000ec600000| Untracked 
| 199|0x00000000ec700000, 0x00000000ec700000, 0x00000000ec800000|  0%| F|  |TAMS 0x00000000ec700000, 0x00000000ec700000| Untracked 
| 200|0x00000000ec800000, 0x00000000ec800000, 0x00000000ec900000|  0%| F|  |TAMS 0x00000000ec800000, 0x00000000ec800000| Untracked 
| 201|0x00000000ec900000, 0x00000000ec900000, 0x00000000eca00000|  0%| F|  |TAMS 0x00000000ec900000, 0x00000000ec900000| Untracked 
| 202|0x00000000eca00000, 0x00000000eca00000, 0x00000000ecb00000|  0%| F|  |TAMS 0x00000000eca00000, 0x00000000eca00000| Untracked 
| 203|0x00000000ecb00000, 0x00000000ecc00000, 0x00000000ecc00000|100%| E|  |TAMS 0x00000000ecb00000, 0x00000000ecb00000| Complete 
| 204|0x00000000ecc00000, 0x00000000ecd00000, 0x00000000ecd00000|100%| E|CS|TAMS 0x00000000ecc00000, 0x00000000ecc00000| Complete 
| 205|0x00000000ecd00000, 0x00000000ece00000, 0x00000000ece00000|100%| E|CS|TAMS 0x00000000ecd00000, 0x00000000ecd00000| Complete 
| 206|0x00000000ece00000, 0x00000000ecf00000, 0x00000000ecf00000|100%| E|CS|TAMS 0x00000000ece00000, 0x00000000ece00000| Complete 
| 207|0x00000000ecf00000, 0x00000000ed000000, 0x00000000ed000000|100%| E|CS|TAMS 0x00000000ecf00000, 0x00000000ecf00000| Complete 
| 208|0x00000000ed000000, 0x00000000ed100000, 0x00000000ed100000|100%| E|CS|TAMS 0x00000000ed000000, 0x00000000ed000000| Complete 
| 209|0x00000000ed100000, 0x00000000ed200000, 0x00000000ed200000|100%| E|CS|TAMS 0x00000000ed100000, 0x00000000ed100000| Complete 
| 210|0x00000000ed200000, 0x00000000ed300000, 0x00000000ed300000|100%| E|CS|TAMS 0x00000000ed200000, 0x00000000ed200000| Complete 
| 211|0x00000000ed300000, 0x00000000ed400000, 0x00000000ed400000|100%| E|CS|TAMS 0x00000000ed300000, 0x00000000ed300000| Complete 
| 212|0x00000000ed400000, 0x00000000ed500000, 0x00000000ed500000|100%| E|CS|TAMS 0x00000000ed400000, 0x00000000ed400000| Complete 
| 213|0x00000000ed500000, 0x00000000ed600000, 0x00000000ed600000|100%| E|CS|TAMS 0x00000000ed500000, 0x00000000ed500000| Complete 
| 214|0x00000000ed600000, 0x00000000ed700000, 0x00000000ed700000|100%| E|CS|TAMS 0x00000000ed600000, 0x00000000ed600000| Complete 
| 215|0x00000000ed700000, 0x00000000ed800000, 0x00000000ed800000|100%| E|CS|TAMS 0x00000000ed700000, 0x00000000ed700000| Complete 
| 216|0x00000000ed800000, 0x00000000ed900000, 0x00000000ed900000|100%| E|CS|TAMS 0x00000000ed800000, 0x00000000ed800000| Complete 
| 217|0x00000000ed900000, 0x00000000eda00000, 0x00000000eda00000|100%| E|CS|TAMS 0x00000000ed900000, 0x00000000ed900000| Complete 
| 218|0x00000000eda00000, 0x00000000edb00000, 0x00000000edb00000|100%| E|CS|TAMS 0x00000000eda00000, 0x00000000eda00000| Complete 
| 219|0x00000000edb00000, 0x00000000edc00000, 0x00000000edc00000|100%| E|CS|TAMS 0x00000000edb00000, 0x00000000edb00000| Complete 
| 220|0x00000000edc00000, 0x00000000edd00000, 0x00000000edd00000|100%| E|CS|TAMS 0x00000000edc00000, 0x00000000edc00000| Complete 
| 221|0x00000000edd00000, 0x00000000ede00000, 0x00000000ede00000|100%| E|CS|TAMS 0x00000000edd00000, 0x00000000edd00000| Complete 
| 222|0x00000000ede00000, 0x00000000edf00000, 0x00000000edf00000|100%| E|CS|TAMS 0x00000000ede00000, 0x00000000ede00000| Complete 
| 223|0x00000000edf00000, 0x00000000edfff5d8, 0x00000000ee000000| 99%| S|CS|TAMS 0x00000000edf00000, 0x00000000edf00000| Complete 
| 224|0x00000000ee000000, 0x00000000ee100000, 0x00000000ee100000|100%| S|CS|TAMS 0x00000000ee000000, 0x00000000ee000000| Complete 
| 225|0x00000000ee100000, 0x00000000ee200000, 0x00000000ee200000|100%| S|CS|TAMS 0x00000000ee100000, 0x00000000ee100000| Complete 
| 226|0x00000000ee200000, 0x00000000ee300000, 0x00000000ee300000|100%| E|CS|TAMS 0x00000000ee200000, 0x00000000ee200000| Complete 
| 227|0x00000000ee300000, 0x00000000ee400000, 0x00000000ee400000|100%| E|CS|TAMS 0x00000000ee300000, 0x00000000ee300000| Complete 
| 228|0x00000000ee400000, 0x00000000ee500000, 0x00000000ee500000|100%| E|CS|TAMS 0x00000000ee400000, 0x00000000ee400000| Complete 
| 229|0x00000000ee500000, 0x00000000ee600000, 0x00000000ee600000|100%| E|CS|TAMS 0x00000000ee500000, 0x00000000ee500000| Complete 
| 230|0x00000000ee600000, 0x00000000ee700000, 0x00000000ee700000|100%| E|CS|TAMS 0x00000000ee600000, 0x00000000ee600000| Complete 
| 231|0x00000000ee700000, 0x00000000ee800000, 0x00000000ee800000|100%| E|CS|TAMS 0x00000000ee700000, 0x00000000ee700000| Complete 
| 232|0x00000000ee800000, 0x00000000ee900000, 0x00000000ee900000|100%| E|CS|TAMS 0x00000000ee800000, 0x00000000ee800000| Complete 
| 233|0x00000000ee900000, 0x00000000eea00000, 0x00000000eea00000|100%| E|CS|TAMS 0x00000000ee900000, 0x00000000ee900000| Complete 
| 234|0x00000000eea00000, 0x00000000eeb00000, 0x00000000eeb00000|100%| E|CS|TAMS 0x00000000eea00000, 0x00000000eea00000| Complete 
| 235|0x00000000eeb00000, 0x00000000eec00000, 0x00000000eec00000|100%| E|CS|TAMS 0x00000000eeb00000, 0x00000000eeb00000| Complete 
| 236|0x00000000eec00000, 0x00000000eed00000, 0x00000000eed00000|100%| E|CS|TAMS 0x00000000eec00000, 0x00000000eec00000| Complete 
| 237|0x00000000eed00000, 0x00000000eee00000, 0x00000000eee00000|100%| E|CS|TAMS 0x00000000eed00000, 0x00000000eed00000| Complete 
| 238|0x00000000eee00000, 0x00000000eef00000, 0x00000000eef00000|100%| E|CS|TAMS 0x00000000eee00000, 0x00000000eee00000| Complete 
| 239|0x00000000eef00000, 0x00000000ef000000, 0x00000000ef000000|100%| E|CS|TAMS 0x00000000eef00000, 0x00000000eef00000| Complete 
| 240|0x00000000ef000000, 0x00000000ef100000, 0x00000000ef100000|100%| E|CS|TAMS 0x00000000ef000000, 0x00000000ef000000| Complete 
| 241|0x00000000ef100000, 0x00000000ef200000, 0x00000000ef200000|100%| E|CS|TAMS 0x00000000ef100000, 0x00000000ef100000| Complete 
| 242|0x00000000ef200000, 0x00000000ef300000, 0x00000000ef300000|100%| E|CS|TAMS 0x00000000ef200000, 0x00000000ef200000| Complete 
| 243|0x00000000ef300000, 0x00000000ef400000, 0x00000000ef400000|100%| E|CS|TAMS 0x00000000ef300000, 0x00000000ef300000| Complete 
| 244|0x00000000ef400000, 0x00000000ef500000, 0x00000000ef500000|100%| E|CS|TAMS 0x00000000ef400000, 0x00000000ef400000| Complete 
| 245|0x00000000ef500000, 0x00000000ef600000, 0x00000000ef600000|100%| E|CS|TAMS 0x00000000ef500000, 0x00000000ef500000| Complete 
| 246|0x00000000ef600000, 0x00000000ef700000, 0x00000000ef700000|100%| E|CS|TAMS 0x00000000ef600000, 0x00000000ef600000| Complete 
| 247|0x00000000ef700000, 0x00000000ef800000, 0x00000000ef800000|100%| E|CS|TAMS 0x00000000ef700000, 0x00000000ef700000| Complete 
| 248|0x00000000ef800000, 0x00000000ef900000, 0x00000000ef900000|100%| E|CS|TAMS 0x00000000ef800000, 0x00000000ef800000| Complete 
| 249|0x00000000ef900000, 0x00000000efa00000, 0x00000000efa00000|100%| E|CS|TAMS 0x00000000ef900000, 0x00000000ef900000| Complete 
| 250|0x00000000efa00000, 0x00000000efb00000, 0x00000000efb00000|100%| E|CS|TAMS 0x00000000efa00000, 0x00000000efa00000| Complete 
| 251|0x00000000efb00000, 0x00000000efc00000, 0x00000000efc00000|100%| E|CS|TAMS 0x00000000efb00000, 0x00000000efb00000| Complete 
| 252|0x00000000efc00000, 0x00000000efd00000, 0x00000000efd00000|100%| E|CS|TAMS 0x00000000efc00000, 0x00000000efc00000| Complete 
| 253|0x00000000efd00000, 0x00000000efe00000, 0x00000000efe00000|100%| E|CS|TAMS 0x00000000efd00000, 0x00000000efd00000| Complete 
| 254|0x00000000efe00000, 0x00000000eff00000, 0x00000000eff00000|100%| E|CS|TAMS 0x00000000efe00000, 0x00000000efe00000| Complete 
| 255|0x00000000eff00000, 0x00000000f0000000, 0x00000000f0000000|100%| E|CS|TAMS 0x00000000eff00000, 0x00000000eff00000| Complete 

Card table byte_map: [0x00000209af7a0000,0x00000209af8a0000] _byte_map_base: 0x00000209af0a0000

Marking Bits (Prev, Next): (CMBitMap*) 0x000002099887d670, (CMBitMap*) 0x000002099887d6b0
 Prev Bits: [0x00000209af9a0000, 0x00000209b01a0000)
 Next Bits: [0x00000209b01a0000, 0x00000209b09a0000)

Polling page: 0x0000020998010000

Metaspace:

Usage:
  Non-class:     11.79 MB used.
      Class:      1.93 MB used.
       Both:     13.72 MB used.

Virtual space:
  Non-class space:       64.00 MB reserved,      11.94 MB ( 19%) committed,  1 nodes.
      Class space:      208.00 MB reserved,       2.06 MB ( <1%) committed,  1 nodes.
             Both:      272.00 MB reserved,      14.00 MB (  5%) committed. 

Chunk freelists:
   Non-Class:  4.00 MB
       Class:  13.92 MB
        Both:  17.92 MB

MaxMetaspaceSize: 256.00 MB
CompressedClassSpaceSize: 208.00 MB
Initial GC threshold: 21.00 MB
Current GC threshold: 21.00 MB
CDS: on
MetaspaceReclaimPolicy: balanced
 - commit_granule_bytes: 65536.
 - commit_granule_words: 8192.
 - virtual_space_node_default_size: 8388608.
 - enlarge_chunks_in_place: 1.
 - new_chunks_are_fully_committed: 0.
 - uncommit_free_chunks: 1.
 - use_allocation_guard: 0.
 - handle_deallocations: 1.


Internal statistics:

num_allocs_failed_limit: 0.
num_arena_births: 208.
num_arena_deaths: 0.
num_vsnodes_births: 2.
num_vsnodes_deaths: 0.
num_space_committed: 224.
num_space_uncommitted: 0.
num_chunks_returned_to_freelist: 0.
num_chunks_taken_from_freelist: 632.
num_chunk_merges: 0.
num_chunk_splits: 420.
num_chunks_enlarged: 310.
num_inconsistent_stats: 0.

CodeHeap 'non-profiled nmethods': size=120000Kb used=1153Kb max_used=1153Kb free=118846Kb
 bounds [0x00000209a7e40000, 0x00000209a80b0000, 0x00000209af370000]
CodeHeap 'profiled nmethods': size=120000Kb used=4702Kb max_used=4702Kb free=115297Kb
 bounds [0x00000209a0370000, 0x00000209a0810000, 0x00000209a78a0000]
CodeHeap 'non-nmethods': size=5760Kb used=1208Kb max_used=1246Kb free=4552Kb
 bounds [0x00000209a78a0000, 0x00000209a7b10000, 0x00000209a7e40000]
 total_blobs=2832 nmethods=2320 adapters=424
 compilation: enabled
              stopped_count=0, restarted_count=0
 full_count=0

Compilation events (20 events):
Event: 63.951 Thread 0x00000209b35408b0 nmethod 2308 0x00000209a07ff690 code [0x00000209a07ff820, 0x00000209a07ff938]
Event: 64.641 Thread 0x00000209b35408b0 2309       3       java.util.HashMap$ValueSpliterator::tryAdvance (138 bytes)
Event: 64.642 Thread 0x00000209b35408b0 nmethod 2309 0x00000209a07ffa10 code [0x00000209a07ffc20, 0x00000209a0800378]
Event: 64.642 Thread 0x00000209b35408b0 2310       3       java.lang.management.ManagementFactory$PlatformMBeanFinder$$Lambda$56/0x00000209b506d418::test (12 bytes)
Event: 64.643 Thread 0x00000209b35408b0 nmethod 2310 0x00000209a0800610 code [0x00000209a08007e0, 0x00000209a0800bf8]
Event: 64.643 Thread 0x00000209b35408b0 2311       3       java.lang.management.ManagementFactory$PlatformMBeanFinder::lambda$findFirst$0 (13 bytes)
Event: 64.643 Thread 0x00000209b35408b0 nmethod 2311 0x00000209a0800d10 code [0x00000209a0800ec0, 0x00000209a0801158]
Event: 64.894 Thread 0x00000209b35408b0 2312       3       java.util.concurrent.locks.AbstractQueuedSynchronizer$ConditionObject::unlinkCancelledWaiters (91 bytes)
Event: 64.894 Thread 0x00000209b35408b0 nmethod 2312 0x00000209a0801290 code [0x00000209a0801460, 0x00000209a0801918]
Event: 65.740 Thread 0x00000209b35408b0 2313       3       sun.management.MemoryPoolImpl::getObjectName (10 bytes)
Event: 65.744 Thread 0x00000209b35408b0 nmethod 2313 0x00000209a0801a90 code [0x00000209a0801e80, 0x00000209a0803c58]
Event: 65.744 Thread 0x00000209b35408b0 2314       3       javax.management.ObjectName::setCanonicalName (251 bytes)
Event: 65.745 Thread 0x00000209b35408b0 nmethod 2314 0x00000209a0804710 code [0x00000209a08049a0, 0x00000209a08059a8]
Event: 65.745 Thread 0x00000209b35408b0 2316       3       sun.management.spi.PlatformMBeanProvider$PlatformComponent$$Lambda$61/0x00000209b5070478::test (9 bytes)
Event: 65.745 Thread 0x00000209b35408b0 nmethod 2316 0x00000209a0805f90 code [0x00000209a0806120, 0x00000209a0806258]
Event: 65.745 Thread 0x00000209b35408b0 2317       3       sun.management.spi.PlatformMBeanProvider$PlatformComponent$$Lambda$62/0x00000209b50706c8::apply (9 bytes)
Event: 65.745 Thread 0x00000209b35408b0 nmethod 2317 0x00000209a0806310 code [0x00000209a08064e0, 0x00000209a0806818]
Event: 65.745 Thread 0x00000209b35408b0 2315       3       javax.management.ObjectName::isPropertyListPattern (17 bytes)
Event: 65.745 Thread 0x00000209b35408b0 nmethod 2315 0x00000209a0806990 code [0x00000209a0806b20, 0x00000209a0806c98]
Event: 66.982 Thread 0x00000209b33e3280 2318   !   4       java.lang.ClassLoader::loadClass (121 bytes)

GC Heap History (4 events):
Event: 9.275 GC heap before
{Heap before GC invocations=0 (full 0):
 garbage-first heap   total 262144K, used 26624K [0x00000000e0000000, 0x0000000100000000)
  region size 1024K, 23 young (23552K), 0 survivors (0K)
 Metaspace       used 3033K, committed 3200K, reserved 278528K
  class space    used 379K, committed 448K, reserved 212992K
}
Event: 9.376 GC heap after
{Heap after GC invocations=1 (full 0):
 garbage-first heap   total 262144K, used 10113K [0x00000000e0000000, 0x0000000100000000)
  region size 1024K, 3 young (3072K), 3 survivors (3072K)
 Metaspace       used 3033K, committed 3200K, reserved 278528K
  class space    used 379K, committed 448K, reserved 212992K
}
Event: 15.482 GC heap before
{Heap before GC invocations=1 (full 0):
 garbage-first heap   total 262144K, used 37761K [0x00000000e0000000, 0x0000000100000000)
  region size 1024K, 30 young (30720K), 3 survivors (3072K)
 Metaspace       used 3944K, committed 4096K, reserved 278528K
  class space    used 475K, committed 576K, reserved 212992K
}
Event: 15.491 GC heap after
{Heap after GC invocations=2 (full 0):
 garbage-first heap   total 262144K, used 13197K [0x00000000e0000000, 0x0000000100000000)
  region size 1024K, 3 young (3072K), 3 survivors (3072K)
 Metaspace       used 3944K, committed 4096K, reserved 278528K
  class space    used 475K, committed 576K, reserved 212992K
}

Dll operation events (13 events):
Event: 0.024 Loaded shared library C:\Users\travi\.jdks\corretto-17.0.10\bin\java.dll
Event: 0.086 Loaded shared library C:\Users\travi\.jdks\corretto-17.0.10\bin\jsvml.dll
Event: 0.614 Loaded shared library C:\Users\travi\.jdks\corretto-17.0.10\bin\net.dll
Event: 0.625 Loaded shared library C:\Users\travi\.jdks\corretto-17.0.10\bin\nio.dll
Event: 0.643 Loaded shared library C:\Users\travi\.jdks\corretto-17.0.10\bin\zip.dll
Event: 3.608 Loaded shared library C:\Users\travi\.jdks\corretto-17.0.10\bin\jimage.dll
Event: 4.483 Loaded shared library C:\Users\travi\.jdks\corretto-17.0.10\bin\verify.dll
Event: 6.292 Loaded shared library C:\Users\travi\.gradle\native\68d5fa5c4cc2d200863cafc0d521ce42e7d3e7ee720ec0a83991735586a16f82\windows-amd64\native-platform.dll
Event: 6.318 Loaded shared library C:\Users\travi\.gradle\native\e376f236ea51e6404a007f0833ffe2c6e607c4080706a723a18a27aeea778392\windows-amd64\native-platform-file-events.dll
Event: 18.259 Loaded shared library C:\Users\travi\.jdks\corretto-17.0.10\bin\management.dll
Event: 18.266 Loaded shared library C:\Users\travi\.jdks\corretto-17.0.10\bin\management_ext.dll
Event: 20.086 Loaded shared library C:\Users\travi\.jdks\corretto-17.0.10\bin\extnet.dll
Event: 41.791 Loaded shared library C:\Users\travi\.jdks\corretto-17.0.10\bin\sunmscapi.dll

Deoptimization events (20 events):
Event: 61.092 Thread 0x00000209b3705940 Uncommon trap: trap_request=0xffffff45 fr.pc=0x00000209a7e563b8 relative=0x0000000000000198
Event: 61.092 Thread 0x00000209b3705940 Uncommon trap: reason=unstable_if action=reinterpret pc=0x00000209a7e563b8 method=java.util.regex.Matcher.reset()Ljava/util/regex/Matcher; @ 47 c2
Event: 61.092 Thread 0x00000209b3705940 DEOPT PACKING pc=0x00000209a7e563b8 sp=0x00000081b31fab70
Event: 61.092 Thread 0x00000209b3705940 DEOPT UNPACKING pc=0x00000209a78f69a3 sp=0x00000081b31faaf8 mode 2
Event: 61.092 Thread 0x00000209b3705940 Uncommon trap: trap_request=0xffffff45 fr.pc=0x00000209a7e56be4 relative=0x0000000000000404
Event: 61.092 Thread 0x00000209b3705940 Uncommon trap: reason=unstable_if action=reinterpret pc=0x00000209a7e56be4 method=java.util.regex.Matcher.match(II)Z @ 76 c2
Event: 61.092 Thread 0x00000209b3705940 DEOPT PACKING pc=0x00000209a7e56be4 sp=0x00000081b31faba0
Event: 61.092 Thread 0x00000209b3705940 DEOPT UNPACKING pc=0x00000209a78f69a3 sp=0x00000081b31fab70 mode 2
Event: 61.563 Thread 0x00000209b3705940 Uncommon trap: trap_request=0xffffff45 fr.pc=0x00000209a7ed30bc relative=0x000000000000071c
Event: 61.563 Thread 0x00000209b3705940 Uncommon trap: reason=unstable_if action=reinterpret pc=0x00000209a7ed30bc method=java.util.ArrayList.grow(I)[Ljava/lang/Object; @ 17 c2
Event: 61.563 Thread 0x00000209b3705940 DEOPT PACKING pc=0x00000209a7ed30bc sp=0x00000081b31fccf0
Event: 61.563 Thread 0x00000209b3705940 DEOPT UNPACKING pc=0x00000209a78f69a3 sp=0x00000081b31fcb88 mode 2
Event: 62.332 Thread 0x00000209b3705940 Uncommon trap: trap_request=0xffffff45 fr.pc=0x00000209a7e5ac10 relative=0x0000000000000a90
Event: 62.332 Thread 0x00000209b3705940 Uncommon trap: reason=unstable_if action=reinterpret pc=0x00000209a7e5ac10 method=java.io.WinNTFileSystem.resolve(Ljava/lang/String;Ljava/lang/String;)Ljava/lang/String; @ 19 c2
Event: 62.332 Thread 0x00000209b3705940 DEOPT PACKING pc=0x00000209a7e5ac10 sp=0x00000081b31fcc00
Event: 62.332 Thread 0x00000209b3705940 DEOPT UNPACKING pc=0x00000209a78f69a3 sp=0x00000081b31fcba8 mode 2
Event: 62.419 Thread 0x00000209b3705940 Uncommon trap: trap_request=0xffffff45 fr.pc=0x00000209a7eae108 relative=0x00000000000005c8
Event: 62.419 Thread 0x00000209b3705940 Uncommon trap: reason=unstable_if action=reinterpret pc=0x00000209a7eae108 method=java.io.File.getName()Ljava/lang/String; @ 16 c2
Event: 62.419 Thread 0x00000209b3705940 DEOPT PACKING pc=0x00000209a7eae108 sp=0x00000081b31fcba0
Event: 62.419 Thread 0x00000209b3705940 DEOPT UNPACKING pc=0x00000209a78f69a3 sp=0x00000081b31fcb70 mode 2

Classes unloaded (0 events):
No events

Classes redefined (0 events):
No events

Internal exceptions (20 events):
Event: 21.130 Thread 0x000002099678ea50 Exception <a 'java/io/IOException'{0x00000000eeb85598}> (0x00000000eeb85598) 
thrown [s\src\hotspot\share\prims\jni.cpp, line 516]
Event: 47.993 Thread 0x00000209c7403600 Exception <a 'java/lang/NoSuchMethodError'{0x00000000ee75ab20}: static Lorg/gradle/tooling/internal/provider/serialization/ClassLoaderDetails;.<clinit>()V> (0x00000000ee75ab20) 
thrown [s\src\hotspot\share\prims\jni.cpp, line 1107]
Event: 47.999 Thread 0x00000209c7403600 Exception <a 'java/lang/NoSuchMethodError'{0x00000000ee771698}: static Lorg/gradle/internal/classloader/ClassLoaderSpec;.<clinit>()V> (0x00000000ee771698) 
thrown [s\src\hotspot\share\prims\jni.cpp, line 1107]
Event: 48.011 Thread 0x00000209c7403600 Exception <a 'java/lang/NoSuchMethodError'{0x00000000ee77a800}: static Lorg/gradle/tooling/internal/provider/serialization/WellKnownClassLoaderRegistry$KnownClassLoaderSpec;.<clinit>()V> (0x00000000ee77a800) 
thrown [s\src\hotspot\share\prims\jni.cpp, line 1107]
Event: 48.043 Thread 0x00000209c7403600 Exception <a 'java/lang/NoSuchMethodError'{0x00000000ee78f458}: static Lorg/gradle/tooling/internal/provider/serialization/ClientOwnedClassLoaderSpec;.<clinit>()V> (0x00000000ee78f458) 
thrown [s\src\hotspot\share\prims\jni.cpp, line 1107]
Event: 50.241 Thread 0x00000209b3705940 Exception <a 'java/lang/NoSuchMethodError'{0x00000000ee449c30}: 'long java.lang.invoke.DirectMethodHandle$Holder.invokeInterface(java.lang.Object, java.lang.Object)'> (0x00000000ee449c30) 
thrown [s\src\hotspot\share\interpreter\linkResolver.cpp, line 759]
Event: 50.256 Thread 0x00000209b3705940 Exception <a 'java/lang/NoSuchMethodError'{0x00000000ee47f8b8}: 'java.lang.Object java.lang.invoke.DirectMethodHandle$Holder.invokeVirtual(java.lang.Object, java.lang.Object, java.lang.Object)'> (0x00000000ee47f8b8) 
thrown [s\src\hotspot\share\interpreter\linkResolver.cpp, line 759]
Event: 51.540 Thread 0x00000209b3705940 Exception <a 'java/lang/NoSuchMethodError'{0x00000000edc52f08}: 'java.lang.Object java.lang.invoke.DirectMethodHandle$Holder.newInvokeSpecial(java.lang.Object, java.lang.Object, java.lang.Object, java.lang.Object, java.lang.Object)'> (0x00000000edc52f08) 
thrown [s\src\hotspot\share\interpreter\linkResolver.cpp, line 759]
Event: 52.217 Thread 0x00000209b3705940 Exception <a 'java/lang/NoSuchMethodError'{0x00000000edbf78e8}: 'void java.lang.invoke.DirectMethodHandle$Holder.invokeSpecial(java.lang.Object, java.lang.Object, java.lang.Object)'> (0x00000000edbf78e8) 
thrown [s\src\hotspot\share\interpreter\linkResolver.cpp, line 759]
Event: 52.894 Thread 0x00000209b3705940 Exception <a 'java/lang/NoSuchMethodError'{0x00000000eda78730}: 'java.lang.Object java.lang.invoke.DirectMethodHandle$Holder.newInvokeSpecial(java.lang.Object, java.lang.Object, java.lang.Object, java.lang.Object, java.lang.Object, java.lang.Object)'> (0x00000000eda78730) 
thrown [s\src\hotspot\share\interpreter\linkResolver.cpp, line 759]
Event: 52.899 Thread 0x00000209b3705940 Exception <a 'java/lang/NoSuchMethodError'{0x00000000eda85aa0}: 'void java.lang.invoke.DirectMethodHandle$Holder.invokeSpecial(java.lang.Object, java.lang.Object, java.lang.Object, java.lang.Object, java.lang.Object)'> (0x00000000eda85aa0) 
thrown [s\src\hotspot\share\interpreter\linkResolver.cpp, line 759]
Event: 55.492 Thread 0x00000209b3705940 Exception <a 'java/lang/NoSuchMethodError'{0x00000000ed70ee90}: 'void java.lang.invoke.DelegatingMethodHandle$Holder.reinvoke_L(java.lang.Object, java.lang.Object, java.lang.Object, java.lang.Object, java.lang.Object, java.lang.Object, java.lang.Object, java.lang.Object, java.lang.Object, java.lang.Object, java.lang.Object)'> (0x00000000ed70ee90) 
thrown [s\src\hotspot\share\interpreter\linkResolver.cpp, line 759]
Event: 55.517 Thread 0x00000209b3705940 Exception <a 'java/lang/NoSuchMethodError'{0x00000000ed717990}: 'java.lang.Object java.lang.invoke.DirectMethodHandle$Holder.invokeSpecial(java.lang.Object, java.lang.Object, java.lang.Object, java.lang.Object, java.lang.Object, java.lang.Object, java.lang.Object, java.lang.Object, java.lang.Object, java.lang.Object, java.lang.Object)'> (0x00000000ed717990) 
thrown [s\src\hotspot\share\interpreter\linkResolver.cpp, line 759]
Event: 55.523 Thread 0x00000209b3705940 Exception <a 'java/lang/NoSuchMethodError'{0x00000000ed71c458}: 'java.lang.Object java.lang.invoke.Invokers$Holder.invoker(java.lang.Object, java.lang.Object, java.lang.Object, java.lang.Object, java.lang.Object, java.lang.Object, java.lang.Object, java.lang.Object, java.lang.Object, java.lang.Object, java.lang.Object)'> (0x00000000ed71c458) 
thrown [s\src\hotspot\share\interpreter\linkResolver.cpp, line 759]
Event: 55.537 Thread 0x00000209b3705940 Exception <a 'java/lang/NoSuchMethodError'{0x00000000ed722250}: 'java.lang.Object java.lang.invoke.DirectMethodHandle$Holder.invokeSpecial(java.lang.Object, java.lang.Object, java.lang.Object, java.lang.Object, java.lang.Object, java.lang.Object, java.lang.Object, java.lang.Object, java.lang.Object, java.lang.Object, java.lang.Object, java.lang.Object)'> (0x00000000ed722250) 
thrown [s\src\hotspot\share\interpreter\linkResolver.cpp, line 759]
Event: 57.531 Thread 0x00000209b3705940 Exception <a 'java/lang/NoSuchMethodError'{0x00000000ed62e918}: 'java.lang.Object java.lang.invoke.DirectMethodHandle$Holder.invokeSpecial(java.lang.Object, java.lang.Object, java.lang.Object, java.lang.Object, java.lang.Object, java.lang.Object, java.lang.Object, java.lang.Object, java.lang.Object)'> (0x00000000ed62e918) 
thrown [s\src\hotspot\share\interpreter\linkResolver.cpp, line 759]
Event: 59.355 Thread 0x00000209b3705940 Exception <a 'java/lang/NoSuchMethodError'{0x00000000ed358898}: 'void java.lang.invoke.DirectMethodHandle$Holder.invokeStaticInit(java.lang.Object)'> (0x00000000ed358898) 
thrown [s\src\hotspot\share\interpreter\linkResolver.cpp, line 759]
Event: 59.516 Thread 0x00000209b3705940 Exception <a 'java/lang/NoSuchMethodError'{0x00000000ed3eaf78}: 'java.lang.Object java.lang.invoke.DirectMethodHandle$Holder.newInvokeSpecial(java.lang.Object, java.lang.Object, java.lang.Object, int)'> (0x00000000ed3eaf78) 
thrown [s\src\hotspot\share\interpreter\linkResolver.cpp, line 759]
Event: 59.517 Thread 0x00000209b3705940 Exception <a 'java/lang/NoSuchMethodError'{0x00000000ed3ef8a8}: 'java.lang.Object java.lang.invoke.DirectMethodHandle$Holder.invokeSpecial(java.lang.Object, java.lang.Object, java.lang.Object, java.lang.Object, int)'> (0x00000000ed3ef8a8) 
thrown [s\src\hotspot\share\interpreter\linkResolver.cpp, line 759]
Event: 59.518 Thread 0x00000209b3705940 Exception <a 'java/lang/NoSuchMethodError'{0x00000000ed3f39c0}: 'java.lang.Object java.lang.invoke.Invokers$Holder.linkToTargetMethod(java.lang.Object, java.lang.Object, int, java.lang.Object)'> (0x00000000ed3f39c0) 
thrown [s\src\hotspot\share\interpreter\linkResolver.cpp, line 759]

VM Operations (20 events):
Event: 59.664 Executing VM operation: Cleanup
Event: 59.760 Executing VM operation: Cleanup done
Event: 60.101 Executing VM operation: HandshakeAllThreads
Event: 60.186 Executing VM operation: HandshakeAllThreads done
Event: 61.198 Executing VM operation: Cleanup
Event: 61.228 Executing VM operation: Cleanup done
Event: 62.235 Executing VM operation: Cleanup
Event: 62.299 Executing VM operation: Cleanup done
Event: 62.870 Executing VM operation: HandshakeAllThreads
Event: 62.871 Executing VM operation: HandshakeAllThreads done
Event: 62.873 Executing VM operation: HandshakeAllThreads
Event: 62.873 Executing VM operation: HandshakeAllThreads done
Event: 63.886 Executing VM operation: Cleanup
Event: 63.951 Executing VM operation: Cleanup done
Event: 64.104 Executing VM operation: HandshakeAllThreads
Event: 64.104 Executing VM operation: HandshakeAllThreads done
Event: 64.105 Executing VM operation: HandshakeAllThreads
Event: 64.105 Executing VM operation: HandshakeAllThreads done
Event: 66.118 Executing VM operation: Cleanup
Event: 66.473 Executing VM operation: Cleanup done

Events (20 events):
Event: 59.866 Thread 0x00000209b376abb0 Thread added: 0x00000209b376abb0
Event: 60.172 loading class java/net/DatagramPacket
Event: 60.181 loading class java/net/DatagramPacket done
Event: 60.183 loading class sun/nio/ch/DatagramSocketAdaptor$DatagramPackets
Event: 60.209 loading class sun/nio/ch/DatagramSocketAdaptor$DatagramPackets done
Event: 62.337 Thread 0x00000209b3768840 Thread added: 0x00000209b3768840
Event: 62.402 loading class java/io/File$TempDirectory
Event: 62.402 loading class java/io/File$TempDirectory done
Event: 62.727 loading class java/io/PrintWriter
Event: 62.728 loading class java/io/PrintWriter done
Event: 62.830 loading class sun/nio/cs/UTF_8$Encoder
Event: 62.830 loading class sun/nio/cs/UTF_8$Encoder done
Event: 63.180 loading class java/io/UncheckedIOException
Event: 63.181 loading class java/io/UncheckedIOException done
Event: 63.197 loading class java/nio/file/FileVisitor
Event: 63.197 loading class java/nio/file/FileVisitor done
Event: 63.198 loading class java/io/FilenameFilter
Event: 63.198 loading class java/io/FilenameFilter done
Event: 63.203 loading class java/util/zip/CheckedInputStream
Event: 63.203 loading class java/util/zip/CheckedInputStream done


Dynamic libraries:
0x00007ff7d56b0000 - 0x00007ff7d56be000 	C:\Users\travi\.jdks\corretto-17.0.10\bin\java.exe
0x00007ffe83e30000 - 0x00007ffe84028000 	C:\WINDOWS\SYSTEM32\ntdll.dll
0x00007ffe81f80000 - 0x00007ffe8203d000 	C:\WINDOWS\System32\KERNEL32.DLL
0x00007ffe81b30000 - 0x00007ffe81e26000 	C:\WINDOWS\System32\KERNELBASE.dll
0x00007ffe816f0000 - 0x00007ffe817f0000 	C:\WINDOWS\System32\ucrtbase.dll
0x00007ffe5b120000 - 0x00007ffe5b137000 	C:\Users\travi\.jdks\corretto-17.0.10\bin\jli.dll
0x00007ffe83060000 - 0x00007ffe831fe000 	C:\WINDOWS\System32\USER32.dll
0x00007ffe81e30000 - 0x00007ffe81e52000 	C:\WINDOWS\System32\win32u.dll
0x00007ffe82140000 - 0x00007ffe8216b000 	C:\WINDOWS\System32\GDI32.dll
0x00007ffe81910000 - 0x00007ffe81a27000 	C:\WINDOWS\System32\gdi32full.dll
0x00007ffe81870000 - 0x00007ffe8190d000 	C:\WINDOWS\System32\msvcp_win.dll
0x00007ffe58600000 - 0x00007ffe5861b000 	C:\Users\travi\.jdks\corretto-17.0.10\bin\VCRUNTIME140.dll
0x00007ffe63780000 - 0x00007ffe63a1a000 	C:\WINDOWS\WinSxS\amd64_microsoft.windows.common-controls_6595b64144ccf1df_6.0.19041.3636_none_60b6a03d71f818d5\COMCTL32.dll
0x00007ffe83a10000 - 0x00007ffe83aae000 	C:\WINDOWS\System32\msvcrt.dll
0x00007ffe82fc0000 - 0x00007ffe82ff2000 	C:\WINDOWS\System32\IMM32.DLL
0x00007ffe5be00000 - 0x00007ffe5be0c000 	C:\Users\travi\.jdks\corretto-17.0.10\bin\vcruntime140_1.dll
0x00007ffe425c0000 - 0x00007ffe4264d000 	C:\Users\travi\.jdks\corretto-17.0.10\bin\msvcp140.dll
0x00007ffdfbac0000 - 0x00007ffdfc722000 	C:\Users\travi\.jdks\corretto-17.0.10\bin\server\jvm.dll
0x00007ffe83d10000 - 0x00007ffe83dc0000 	C:\WINDOWS\System32\ADVAPI32.dll
0x00007ffe83c60000 - 0x00007ffe83d00000 	C:\WINDOWS\System32\sechost.dll
0x00007ffe83ab0000 - 0x00007ffe83bd5000 	C:\WINDOWS\System32\RPCRT4.dll
0x00007ffe817f0000 - 0x00007ffe81817000 	C:\WINDOWS\System32\bcrypt.dll
0x00007ffe80ef0000 - 0x00007ffe80f3b000 	C:\WINDOWS\SYSTEM32\POWRPROF.dll
0x00007ffe63ee0000 - 0x00007ffe63ee9000 	C:\WINDOWS\SYSTEM32\WSOCK32.dll
0x00007ffe833b0000 - 0x00007ffe8341b000 	C:\WINDOWS\System32\WS2_32.dll
0x00007ffe702a0000 - 0x00007ffe702c7000 	C:\WINDOWS\SYSTEM32\WINMM.dll
0x00007ffe80120000 - 0x00007ffe8012a000 	C:\WINDOWS\SYSTEM32\VERSION.dll
0x00007ffe80ea0000 - 0x00007ffe80eb2000 	C:\WINDOWS\SYSTEM32\UMPDC.dll
0x00007ffe7fc30000 - 0x00007ffe7fc42000 	C:\WINDOWS\SYSTEM32\kernel.appcore.dll
0x00007ffe59260000 - 0x00007ffe5926a000 	C:\Users\travi\.jdks\corretto-17.0.10\bin\jimage.dll
0x00007ffe7f870000 - 0x00007ffe7fa54000 	C:\WINDOWS\SYSTEM32\DBGHELP.DLL
0x00007ffe72930000 - 0x00007ffe72964000 	C:\WINDOWS\SYSTEM32\dbgcore.DLL
0x00007ffe81aa0000 - 0x00007ffe81b22000 	C:\WINDOWS\System32\bcryptPrimitives.dll
0x00007ffe46300000 - 0x00007ffe46325000 	C:\Users\travi\.jdks\corretto-17.0.10\bin\java.dll
0x00007ffe41f00000 - 0x00007ffe41fd7000 	C:\Users\travi\.jdks\corretto-17.0.10\bin\jsvml.dll
0x00007ffe823b0000 - 0x00007ffe82b1b000 	C:\WINDOWS\System32\SHELL32.dll
0x00007ffe7f010000 - 0x00007ffe7f7ae000 	C:\WINDOWS\SYSTEM32\windows.storage.dll
0x00007ffe82c60000 - 0x00007ffe82fb3000 	C:\WINDOWS\System32\combase.dll
0x00007ffe80ec0000 - 0x00007ffe80eee000 	C:\WINDOWS\SYSTEM32\Wldp.dll
0x00007ffe83890000 - 0x00007ffe8395d000 	C:\WINDOWS\System32\OLEAUT32.dll
0x00007ffe83960000 - 0x00007ffe83a0d000 	C:\WINDOWS\System32\SHCORE.dll
0x00007ffe822a0000 - 0x00007ffe822f5000 	C:\WINDOWS\System32\shlwapi.dll
0x00007ffe81410000 - 0x00007ffe81435000 	C:\WINDOWS\SYSTEM32\profapi.dll
0x00007ffe426e0000 - 0x00007ffe426f9000 	C:\Users\travi\.jdks\corretto-17.0.10\bin\net.dll
0x00007ffe78600000 - 0x00007ffe7870a000 	C:\WINDOWS\SYSTEM32\WINHTTP.dll
0x00007ffe80c00000 - 0x00007ffe80c6a000 	C:\WINDOWS\system32\mswsock.dll
0x00007ffe41ee0000 - 0x00007ffe41ef6000 	C:\Users\travi\.jdks\corretto-17.0.10\bin\nio.dll
0x00007ffe41ec0000 - 0x00007ffe41ed8000 	C:\Users\travi\.jdks\corretto-17.0.10\bin\zip.dll
0x00007ffe582b0000 - 0x00007ffe582c0000 	C:\Users\travi\.jdks\corretto-17.0.10\bin\verify.dll
0x00007ffe41db0000 - 0x00007ffe41dd7000 	C:\Users\travi\.gradle\native\68d5fa5c4cc2d200863cafc0d521ce42e7d3e7ee720ec0a83991735586a16f82\windows-amd64\native-platform.dll
0x00007ffe12750000 - 0x00007ffe12894000 	C:\Users\travi\.gradle\native\e376f236ea51e6404a007f0833ffe2c6e607c4080706a723a18a27aeea778392\windows-amd64\native-platform-file-events.dll
0x00007ffe505b0000 - 0x00007ffe505b9000 	C:\Users\travi\.jdks\corretto-17.0.10\bin\management.dll
0x00007ffe4bcc0000 - 0x00007ffe4bccb000 	C:\Users\travi\.jdks\corretto-17.0.10\bin\management_ext.dll
0x00007ffe83d00000 - 0x00007ffe83d08000 	C:\WINDOWS\System32\PSAPI.DLL
0x00007ffe80df0000 - 0x00007ffe80e08000 	C:\WINDOWS\SYSTEM32\CRYPTSP.dll
0x00007ffe804d0000 - 0x00007ffe80504000 	C:\WINDOWS\system32\rsaenh.dll
0x00007ffe813d0000 - 0x00007ffe813fe000 	C:\WINDOWS\SYSTEM32\USERENV.dll
0x00007ffe80e10000 - 0x00007ffe80e1c000 	C:\WINDOWS\SYSTEM32\CRYPTBASE.dll
0x00007ffe80890000 - 0x00007ffe808cb000 	C:\WINDOWS\SYSTEM32\IPHLPAPI.DLL
0x00007ffe83dc0000 - 0x00007ffe83dc8000 	C:\WINDOWS\System32\NSI.dll
0x00007ffe796b0000 - 0x00007ffe796c7000 	C:\WINDOWS\SYSTEM32\dhcpcsvc6.DLL
0x00007ffe79f80000 - 0x00007ffe79f9d000 	C:\WINDOWS\SYSTEM32\dhcpcsvc.DLL
0x00007ffe808d0000 - 0x00007ffe8099b000 	C:\WINDOWS\SYSTEM32\DNSAPI.dll
0x00007ffe582e0000 - 0x00007ffe582e9000 	C:\Users\travi\.jdks\corretto-17.0.10\bin\extnet.dll
0x00007ffe582d0000 - 0x00007ffe582de000 	C:\Users\travi\.jdks\corretto-17.0.10\bin\sunmscapi.dll
0x00007ffe81590000 - 0x00007ffe816ed000 	C:\WINDOWS\System32\CRYPT32.dll
0x00007ffe80f80000 - 0x00007ffe80fa8000 	C:\WINDOWS\SYSTEM32\ncrypt.dll
0x00007ffe80f40000 - 0x00007ffe80f7b000 	C:\WINDOWS\SYSTEM32\NTASN1.dll
0x00007ffe5cb20000 - 0x00007ffe5cb27000 	C:\WINDOWS\system32\wshunix.dll

dbghelp: loaded successfully - version: 4.0.5 - missing functions: none
symbol engine: initialized successfully - sym options: 0x614 - pdb path: .;C:\Users\travi\.jdks\corretto-17.0.10\bin;C:\WINDOWS\SYSTEM32;C:\WINDOWS\WinSxS\amd64_microsoft.windows.common-controls_6595b64144ccf1df_6.0.19041.3636_none_60b6a03d71f818d5;C:\Users\travi\.jdks\corretto-17.0.10\bin\server;C:\Users\travi\.gradle\native\68d5fa5c4cc2d200863cafc0d521ce42e7d3e7ee720ec0a83991735586a16f82\windows-amd64;C:\Users\travi\.gradle\native\e376f236ea51e6404a007f0833ffe2c6e607c4080706a723a18a27aeea778392\windows-amd64

VM Arguments:
jvm_args: --add-opens=java.base/java.util=ALL-UNNAMED --add-opens=java.base/java.lang=ALL-UNNAMED --add-opens=java.base/java.lang.invoke=ALL-UNNAMED --add-opens=java.prefs/java.util.prefs=ALL-UNNAMED --add-opens=java.base/java.nio.charset=ALL-UNNAMED --add-opens=java.base/java.net=ALL-UNNAMED --add-opens=java.base/java.util.concurrent.atomic=ALL-UNNAMED -XX:MaxMetaspaceSize=256m -XX:+HeapDumpOnOutOfMemoryError -Xms256m -Xmx512m -Dfile.encoding=windows-1252 -Duser.country=US -Duser.language=en -Duser.variant 
java_command: org.gradle.launcher.daemon.bootstrap.GradleDaemon 8.0
java_class_path (initial): C:\Users\travi\.gradle\wrapper\dists\gradle-8.0-bin\ca5e32bp14vu59qr306oxotwh\gradle-8.0\lib\gradle-launcher-8.0.jar
Launcher Type: SUN_STANDARD

[Global flags]
     intx CICompilerCount                          = 4                                         {product} {ergonomic}
   size_t CompressedClassSpaceSize                 = 218103808                                 {product} {ergonomic}
     uint ConcGCThreads                            = 2                                         {product} {ergonomic}
     uint G1ConcRefinementThreads                  = 8                                         {product} {ergonomic}
   size_t G1HeapRegionSize                         = 1048576                                   {product} {ergonomic}
    uintx GCDrainStackTargetSize                   = 64                                        {product} {ergonomic}
     bool HeapDumpOnOutOfMemoryError               = true                                   {manageable} {command line}
   size_t InitialHeapSize                          = 268435456                                 {product} {command line}
   size_t MarkStackSize                            = 4194304                                   {product} {ergonomic}
   size_t MaxHeapSize                              = 536870912                                 {product} {command line}
   size_t MaxMetaspaceSize                         = 268435456                                 {product} {command line}
   size_t MaxNewSize                               = 321912832                                 {product} {ergonomic}
   size_t MinHeapDeltaBytes                        = 1048576                                   {product} {ergonomic}
   size_t MinHeapSize                              = 268435456                                 {product} {command line}
    uintx NonNMethodCodeHeapSize                   = 5839372                                {pd product} {ergonomic}
    uintx NonProfiledCodeHeapSize                  = 122909434                              {pd product} {ergonomic}
    uintx ProfiledCodeHeapSize                     = 122909434                              {pd product} {ergonomic}
    uintx ReservedCodeCacheSize                    = 251658240                              {pd product} {ergonomic}
     bool SegmentedCodeCache                       = true                                      {product} {ergonomic}
   size_t SoftMaxHeapSize                          = 536870912                              {manageable} {ergonomic}
     bool UseCompressedClassPointers               = true                           {product lp64_product} {ergonomic}
     bool UseCompressedOops                        = true                           {product lp64_product} {ergonomic}
     bool UseG1GC                                  = true                                      {product} {ergonomic}
     bool UseLargePagesIndividualAllocation        = false                                  {pd product} {ergonomic}

Logging:
Log output configuration:
 #0: stdout all=warning uptime,level,tags
 #1: stderr all=off uptime,level,tags

Environment Variables:
PATH=C:\Program Files (x86)\Google\Chrome\Application;C:\WINDOWS\system32;C:\WINDOWS;C:\WINDOWS\System32\Wbem;C:\WINDOWS\System32\WindowsPowerShell\v1.0\;C:\WINDOWS\System32\OpenSSH\;C:\Program Files\Intel\WiFi\bin\;C:\Program Files\Common Files\Intel\WirelessCommon\;C:\Program Files (x86)\Microsoft SQL Server\110\Tools\Binn\;C:\Program Files (x86)\Microsoft SQL Server\110\DTS\Binn\;C:\Program Files (x86)\QuickTime\QTSystem\;C:\Program Files\nodejs\;C:\Program Files\Git\cmd;C:\Users\travi\AppData\Local\Microsoft\WindowsApps;;C:\Users\travi\AppData\Local\Programs\Microsoft VS Code\bin;C:\Users\travi\AppData\Roaming\npm
USERNAME=travi
OS=Windows_NT
PROCESSOR_IDENTIFIER=AMD64 Family 23 Model 17 Stepping 0, AuthenticAMD
TMP=C:\Users\travi\AppData\Local\Temp
TEMP=C:\Users\travi\AppData\Local\Temp



Periodic native trim disabled


---------------  S Y S T E M  ---------------

OS:
 Windows 10 , 64 bit Build 19041 (10.0.19041.3636)
OS uptime: 11 days 2:19 hours

CPU: total 8 (initial active 8) (8 cores per cpu, 2 threads per core) family 23 model 17 stepping 0 microcode 0x0, cx8, cmov, fxsr, ht, mmx, 3dnowpref, sse, sse2, sse3, ssse3, sse4a, sse4.1, sse4.2, popcnt, lzcnt, tsc, tscinvbit, avx, avx2, aes, clmul, bmi1, bmi2, adx, sha, fma, vzeroupper, clflush, clflushopt
Processor Information for all 8 processors :
  Max Mhz: 3200, Current Mhz: 3200, Mhz Limit: 3200

Memory: 4k page, system-wide physical 7101M (108M free)
TotalPageFile size 28605M (AvailPageFile size 7M)
current process WorkingSet (physical memory assigned to process): 81M, peak: 104M
current process commit charge ("private bytes"): 403M, peak: 405M

vm_info: OpenJDK 64-Bit Server VM (17.0.10+7-LTS) for windows-amd64 JRE (17.0.10+7-LTS), built on Jan 10 2024 22:11:07 by "Administrator" with MS VC++ 16.10 / 16.11 (VS2019)

END.
